<?xml version="1.0" encoding="UTF-8"?>
<!-- Generated by org.testng.reporters.JUnitReportReporter -->
<testsuite skipped="19" hostname="Nazmuls-MacBook-Pro.local" name="take_Home_WebDriver_Test.testCasePackage.RawCodeDemoHomeTest" tests="20" failures="0" timestamp="2022-10-25T17:59:27 EDT" time="3.736" errors="0">
  <testcase name="demo_testCase_12_File_DownLoad" time="3.736" classname="take_Home_WebDriver_Test.testCasePackage.RawCodeDemoHomeTest"/>
  <system-out/>
  <testcase name="demo_testCase_11_File_Upload" classname="take_Home_WebDriver_Test.testCasePackage.RawCodeDemoHomeTest">
    <skipped/>
  </testcase> <!-- demo_testCase_11_File_Upload -->
  <system-out/>
  <testcase name="demo_testCase_17_JavaScriptAlerts" classname="take_Home_WebDriver_Test.testCasePackage.RawCodeDemoHomeTest">
    <skipped/>
  </testcase> <!-- demo_testCase_17_JavaScriptAlerts -->
  <system-out/>
  <testcase name="demo_testCase_04_uncheckToCheck" classname="take_Home_WebDriver_Test.testCasePackage.RawCodeDemoHomeTest">
    <skipped/>
  </testcase> <!-- demo_testCase_04_uncheckToCheck -->
  <system-out/>
  <testcase name="demo_testCase_02_wrongPasswordCredential" classname="take_Home_WebDriver_Test.testCasePackage.RawCodeDemoHomeTest">
    <skipped/>
  </testcase> <!-- demo_testCase_02_wrongPasswordCredential -->
  <system-out/>
  <testcase name="demo_testCase_06_Context_menu" classname="take_Home_WebDriver_Test.testCasePackage.RawCodeDemoHomeTest">
    <skipped/>
  </testcase> <!-- demo_testCase_06_Context_menu -->
  <system-out/>
  <testcase name="demo_testCase_13_Dynamic_Loading" classname="take_Home_WebDriver_Test.testCasePackage.RawCodeDemoHomeTest">
    <skipped/>
  </testcase> <!-- demo_testCase_13_Dynamic_Loading -->
  <system-out/>
  <testcase name="demo_testCase_16_Mouse_Hover" classname="take_Home_WebDriver_Test.testCasePackage.RawCodeDemoHomeTest">
    <skipped/>
  </testcase> <!-- demo_testCase_16_Mouse_Hover -->
  <system-out/>
  <testcase name="demo_testCase_14_Floating_Menu" classname="take_Home_WebDriver_Test.testCasePackage.RawCodeDemoHomeTest">
    <skipped/>
  </testcase> <!-- demo_testCase_14_Floating_Menu -->
  <system-out/>
  <testcase name="demo_testCase_15_IFrame" classname="take_Home_WebDriver_Test.testCasePackage.RawCodeDemoHomeTest">
    <skipped/>
  </testcase> <!-- demo_testCase_15_IFrame -->
  <system-out/>
  <testcase name="demo_testCase_19_OpenNewTab" classname="take_Home_WebDriver_Test.testCasePackage.RawCodeDemoHomeTest">
    <skipped/>
  </testcase> <!-- demo_testCase_19_OpenNewTab -->
  <system-out/>
  <testcase name="demo_testCase_09_DynamicContent" classname="take_Home_WebDriver_Test.testCasePackage.RawCodeDemoHomeTest">
    <skipped/>
  </testcase> <!-- demo_testCase_09_DynamicContent -->
  <system-out/>
  <testcase name="demo_testCase_18_JavaScriptErrors" classname="take_Home_WebDriver_Test.testCasePackage.RawCodeDemoHomeTest">
    <skipped/>
  </testcase> <!-- demo_testCase_18_JavaScriptErrors -->
  <system-out/>
  <testcase name="demo_testCase_08_Dropdown" classname="take_Home_WebDriver_Test.testCasePackage.RawCodeDemoHomeTest">
    <skipped/>
  </testcase> <!-- demo_testCase_08_Dropdown -->
  <system-out/>
  <testcase name="demo_testCase_01_login" classname="take_Home_WebDriver_Test.testCasePackage.RawCodeDemoHomeTest">
    <skipped/>
  </testcase> <!-- demo_testCase_01_login -->
  <system-out/>
  <testcase name="demo_testCase_05_checkToUnCheck" classname="take_Home_WebDriver_Test.testCasePackage.RawCodeDemoHomeTest">
    <skipped/>
  </testcase> <!-- demo_testCase_05_checkToUnCheck -->
  <system-out/>
  <testcase name="demo_testCase_20_NotificationMessage" classname="take_Home_WebDriver_Test.testCasePackage.RawCodeDemoHomeTest">
    <skipped/>
  </testcase> <!-- demo_testCase_20_NotificationMessage -->
  <system-out/>
  <testcase name="demo_testCase_10_Dynamic_Controls" classname="take_Home_WebDriver_Test.testCasePackage.RawCodeDemoHomeTest">
    <skipped/>
  </testcase> <!-- demo_testCase_10_Dynamic_Controls -->
  <system-out/>
  <testcase name="demo_testCase_07_DragAndDrop" classname="take_Home_WebDriver_Test.testCasePackage.RawCodeDemoHomeTest">
    <skipped/>
  </testcase> <!-- demo_testCase_07_DragAndDrop -->
  <system-out/>
  <testcase name="demo_testCase_03_wrongUserNameCredential" classname="take_Home_WebDriver_Test.testCasePackage.RawCodeDemoHomeTest">
    <skipped/>
  </testcase> <!-- demo_testCase_03_wrongUserNameCredential -->
  <system-out/>
</testsuite> <!-- take_Home_WebDriver_Test.testCasePackage.RawCodeDemoHomeTest -->
